<?xml version="1.0" encoding="UTF-8"?>
<testng-results ignored="0" total="2" passed="2" failed="0" skipped="0">
  <reporter-output>
  </reporter-output>
  <suite started-at="2023-01-06T01:20:13 EST" name="All Test Suite" finished-at="2023-01-06T01:20:31 EST" duration-ms="17736">
    <groups>
    </groups>
    <test started-at="2023-01-06T01:20:13 EST" name="C:/Users/chaut/jan5" finished-at="2023-01-06T01:20:31 EST" duration-ms="17736">
      <class name="pamgiamHomePage.PangiamHomePageTest">
        <test-method is-config="true" signature="start()[pri:0, instance:pamgiamHomePage.PangiamHomePageTest@6e4784bc]" started-at="2023-01-06T01:20:13 EST" name="start" finished-at="2023-01-06T01:20:13 EST" duration-ms="6" status="PASS">
          <reporter-output>
          </reporter-output>
        </test-method> <!-- start -->
        <test-method is-config="true" signature="setup()[pri:0, instance:pamgiamHomePage.PangiamHomePageTest@6e4784bc]" started-at="2023-01-06T01:20:13 EST" name="setup" finished-at="2023-01-06T01:20:26 EST" duration-ms="13169" status="PASS">
          <reporter-output>
          </reporter-output>
        </test-method> <!-- setup -->
        <test-method signature="pangiamFunction()[pri:0, instance:pamgiamHomePage.PangiamHomePageTest@6e4784bc]" started-at="2023-01-06T01:20:26 EST" name="pangiamFunction" finished-at="2023-01-06T01:20:29 EST" duration-ms="2524" status="PASS">
          <reporter-output>
          </reporter-output>
        </test-method> <!-- pangiamFunction -->
        <test-method is-config="true" signature="teardown()[pri:0, instance:pamgiamHomePage.PangiamHomePageTest@6e4784bc]" started-at="2023-01-06T01:20:29 EST" name="teardown" finished-at="2023-01-06T01:20:29 EST" duration-ms="327" status="PASS">
          <reporter-output>
          </reporter-output>
        </test-method> <!-- teardown -->
        <test-method is-config="true" signature="afterClass()[pri:0, instance:pamgiamHomePage.PangiamHomePageTest@6e4784bc]" started-at="2023-01-06T01:20:29 EST" name="afterClass" finished-at="2023-01-06T01:20:29 EST" duration-ms="0" status="PASS">
          <reporter-output>
          </reporter-output>
        </test-method> <!-- afterClass -->
      </class> <!-- pamgiamHomePage.PangiamHomePageTest -->
      <class name="pamgiamBeaconPage.PangiamBeaconPageTest">
        <test-method is-config="true" signature="start()[pri:0, instance:pamgiamBeaconPage.PangiamBeaconPageTest@3e92efc3]" started-at="2023-01-06T01:20:13 EST" name="start" finished-at="2023-01-06T01:20:13 EST" duration-ms="6" status="PASS">
          <reporter-output>
          </reporter-output>
        </test-method> <!-- start -->
        <test-method is-config="true" signature="setup()[pri:0, instance:pamgiamBeaconPage.PangiamBeaconPageTest@3e92efc3]" started-at="2023-01-06T01:20:13 EST" name="setup" finished-at="2023-01-06T01:20:29 EST" duration-ms="15947" status="PASS">
          <reporter-output>
          </reporter-output>
        </test-method> <!-- setup -->
        <test-method signature="pangiamFunction()[pri:0, instance:pamgiamBeaconPage.PangiamBeaconPageTest@3e92efc3]" started-at="2023-01-06T01:20:29 EST" name="pangiamFunction" finished-at="2023-01-06T01:20:31 EST" duration-ms="1439" status="PASS">
          <reporter-output>
          </reporter-output>
        </test-method> <!-- pangiamFunction -->
        <test-method is-config="true" signature="teardown()[pri:0, instance:pamgiamBeaconPage.PangiamBeaconPageTest@3e92efc3]" started-at="2023-01-06T01:20:31 EST" name="teardown" finished-at="2023-01-06T01:20:31 EST" duration-ms="318" status="PASS">
          <reporter-output>
          </reporter-output>
        </test-method> <!-- teardown -->
        <test-method is-config="true" signature="afterClass()[pri:0, instance:pamgiamBeaconPage.PangiamBeaconPageTest@3e92efc3]" started-at="2023-01-06T01:20:31 EST" name="afterClass" finished-at="2023-01-06T01:20:31 EST" duration-ms="0" status="PASS">
          <reporter-output>
          </reporter-output>
        </test-method> <!-- afterClass -->
      </class> <!-- pamgiamBeaconPage.PangiamBeaconPageTest -->
    </test> <!-- C:/Users/chaut/jan5 -->
  </suite> <!-- All Test Suite -->
</testng-results>
