<?xml version="1.0" encoding="UTF-8"?>
<testsuite xmlns:xsi="http://www.w3.org/2001/XMLSchema-instance" xsi:noNamespaceSchemaLocation="https://maven.apache.org/surefire/maven-surefire-plugin/xsd/surefire-test-report-3.0.xsd" version="3.0" name="TestSuite" time="18.125" tests="2" errors="0" skipped="0" failures="0">
  <properties>
[...]
</properties>
  <testcase name="pangiamFunction" classname="pamgiamHomePage.PangiamHomePageTest" time="2.517">
    <system-out><![CDATA[Pangiam functionality verification started
Pangiam functionality verification started
test is being executed
test is being executed
]]></system-out>
    <system-err><![CDATA[SLF4J: Failed to load class "org.slf4j.impl.StaticLoggerBinder".
SLF4J: Defaulting to no-operation (NOP) logger implementation
SLF4J: See http://www.slf4j.org/codes.html#StaticLoggerBinder for further details.
SSttaartritnign gC hCrhormoemDeriDvreivr e1r0 81.008..05.533595.791 .(71e10e 38(681eee060e9e1a3d6836a687844e20ee30c6ae3a9e317a56dac6-re3fs6/bara8n7ch4-h4ea2ds0/5e3539@{c#a130a1e63}7)5 o6na cpo-rtr e2f9s/9b6r1an
cOhnl-yh eloacadls /c5o3n5ne9c@t{i#o1ns0 1a6}r)e  oanl plorotw 2ed3.3
3Pl7ea
sOe nsleye  htltposc:a/l/c hcornonmeecdrtiivoenrs .carher oamliluomwe.do.rg
/Psleeasce usere hittty-copnssi:d/e/rcathiroonms efdorri vseur.gchgroemsituimo.nors on gke/espeicnugr itCyh-rcoomnseiDdreiravteiron s sfaofre .su
ggestions on keeping ChromeDriver safe.
ChromeDriver was started successfully.
ChromeDriver was started successfully.
]]></system-err>
  </testcase>
  <testcase name="pangiamFunction" classname="pamgiamBeaconPage.PangiamBeaconPageTest" time="1.439">
    <system-out><![CDATA[Test executed
our test finished
]]></system-out>
  </testcase>
</testsuite>